2024-10-06 00:26:03 INFO  [SpringApplicationShutdownHook] com.zaxxer.hikari.HikariDataSource - HikariPool-1 - Shutdown initiated...
2024-10-06 00:26:03 INFO  [SpringApplicationShutdownHook] com.zaxxer.hikari.HikariDataSource - HikariPool-1 - Shutdown completed.
2024-10-06 18:19:38 INFO  [background-preinit] o.h.validator.internal.util.Version - HV000001: Hibernate Validator 8.0.1.Final
2024-10-06 18:19:38 INFO  [restartedMain] c.p.prasis.PrAsisApplication - Starting PrAsisApplication using Java 21.0.4 with PID 14012 (C:\Users\PC\OneDrive\Documentos\Proyecto-registro-de-asistencia\API\target\classes started by PC in C:\Users\PC\OneDrive\Documentos\Proyecto-registro-de-asistencia\API)
2024-10-06 18:19:38 DEBUG [restartedMain] c.p.prasis.PrAsisApplication - Running with Spring Boot v3.2.5, Spring v6.1.6
2024-10-06 18:19:38 INFO  [restartedMain] c.p.prasis.PrAsisApplication - No active profile set, falling back to 1 default profile: "default"
2024-10-06 18:19:38 INFO  [restartedMain] o.s.b.d.e.DevToolsPropertyDefaultsPostProcessor - Devtools property defaults active! Set 'spring.devtools.add-properties' to 'false' to disable
2024-10-06 18:19:38 INFO  [restartedMain] o.s.b.d.e.DevToolsPropertyDefaultsPostProcessor - For additional web related logging consider setting the 'logging.level.web' property to 'DEBUG'
2024-10-06 18:19:39 INFO  [restartedMain] o.s.d.r.c.RepositoryConfigurationDelegate - Bootstrapping Spring Data JDBC repositories in DEFAULT mode.
2024-10-06 18:19:39 INFO  [restartedMain] o.s.d.r.c.RepositoryConfigurationDelegate - Finished Spring Data repository scanning in 19 ms. Found 0 JDBC repository interfaces.
2024-10-06 18:19:39 INFO  [restartedMain] o.s.b.w.e.tomcat.TomcatWebServer - Tomcat initialized with port 8080 (http)
2024-10-06 18:19:39 INFO  [restartedMain] o.a.coyote.http11.Http11NioProtocol - Initializing ProtocolHandler ["http-nio-8080"]
2024-10-06 18:19:39 INFO  [restartedMain] o.a.catalina.core.StandardService - Starting service [Tomcat]
2024-10-06 18:19:39 INFO  [restartedMain] o.a.catalina.core.StandardEngine - Starting Servlet engine: [Apache Tomcat/10.1.20]
2024-10-06 18:19:39 INFO  [restartedMain] o.a.c.c.C.[Tomcat].[localhost].[/] - Initializing Spring embedded WebApplicationContext
2024-10-06 18:19:39 INFO  [restartedMain] o.s.b.w.s.c.ServletWebServerApplicationContext - Root WebApplicationContext: initialization completed in 1262 ms
2024-10-06 18:19:40 INFO  [restartedMain] com.zaxxer.hikari.HikariDataSource - HikariPool-1 - Starting...
2024-10-06 18:19:40 INFO  [restartedMain] com.zaxxer.hikari.pool.HikariPool - HikariPool-1 - Added connection com.mysql.cj.jdbc.ConnectionImpl@4b6b26c7
2024-10-06 18:19:40 INFO  [restartedMain] com.zaxxer.hikari.HikariDataSource - HikariPool-1 - Start completed.
2024-10-06 18:19:40 INFO  [restartedMain] o.s.b.a.w.s.WelcomePageHandlerMapping - Adding welcome page: class path resource [static/index.html]
2024-10-06 18:19:41 INFO  [restartedMain] o.s.b.d.a.OptionalLiveReloadServer - LiveReload server is running on port 35729
2024-10-06 18:19:41 INFO  [restartedMain] o.a.coyote.http11.Http11NioProtocol - Starting ProtocolHandler ["http-nio-8080"]
2024-10-06 18:19:41 INFO  [restartedMain] o.s.b.w.e.tomcat.TomcatWebServer - Tomcat started on port 8080 (http) with context path ''
2024-10-06 18:19:41 INFO  [restartedMain] c.p.prasis.PrAsisApplication - Started PrAsisApplication in 3.387 seconds (process running for 4.311)
2024-10-06 18:29:19 INFO  [SpringApplicationShutdownHook] com.zaxxer.hikari.HikariDataSource - HikariPool-1 - Shutdown initiated...
2024-10-06 18:29:19 INFO  [SpringApplicationShutdownHook] com.zaxxer.hikari.HikariDataSource - HikariPool-1 - Shutdown completed.
2024-10-06 18:29:45 INFO  [background-preinit] o.h.validator.internal.util.Version - HV000001: Hibernate Validator 8.0.1.Final
2024-10-06 18:29:45 INFO  [restartedMain] c.p.prasis.PrAsisApplication - Starting PrAsisApplication using Java 21.0.4 with PID 19024 (C:\Users\PC\OneDrive\Documentos\Proyecto-registro-de-asistencia\API\target\classes started by PC in C:\Users\PC\OneDrive\Documentos\Proyecto-registro-de-asistencia\API)
2024-10-06 18:29:45 DEBUG [restartedMain] c.p.prasis.PrAsisApplication - Running with Spring Boot v3.2.5, Spring v6.1.6
2024-10-06 18:29:45 INFO  [restartedMain] c.p.prasis.PrAsisApplication - No active profile set, falling back to 1 default profile: "default"
2024-10-06 18:29:45 INFO  [restartedMain] o.s.b.d.e.DevToolsPropertyDefaultsPostProcessor - Devtools property defaults active! Set 'spring.devtools.add-properties' to 'false' to disable
2024-10-06 18:29:45 INFO  [restartedMain] o.s.b.d.e.DevToolsPropertyDefaultsPostProcessor - For additional web related logging consider setting the 'logging.level.web' property to 'DEBUG'
2024-10-06 18:29:46 INFO  [restartedMain] o.s.d.r.c.RepositoryConfigurationDelegate - Bootstrapping Spring Data JDBC repositories in DEFAULT mode.
2024-10-06 18:29:46 INFO  [restartedMain] o.s.d.r.c.RepositoryConfigurationDelegate - Finished Spring Data repository scanning in 17 ms. Found 0 JDBC repository interfaces.
2024-10-06 18:29:46 INFO  [restartedMain] o.s.b.w.e.tomcat.TomcatWebServer - Tomcat initialized with port 8080 (http)
2024-10-06 18:29:46 INFO  [restartedMain] o.a.coyote.http11.Http11NioProtocol - Initializing ProtocolHandler ["http-nio-8080"]
2024-10-06 18:29:46 INFO  [restartedMain] o.a.catalina.core.StandardService - Starting service [Tomcat]
2024-10-06 18:29:46 INFO  [restartedMain] o.a.catalina.core.StandardEngine - Starting Servlet engine: [Apache Tomcat/10.1.20]
2024-10-06 18:29:46 INFO  [restartedMain] o.a.c.c.C.[Tomcat].[localhost].[/] - Initializing Spring embedded WebApplicationContext
2024-10-06 18:29:46 INFO  [restartedMain] o.s.b.w.s.c.ServletWebServerApplicationContext - Root WebApplicationContext: initialization completed in 1262 ms
2024-10-06 18:29:47 INFO  [restartedMain] com.zaxxer.hikari.HikariDataSource - HikariPool-1 - Starting...
2024-10-06 18:29:47 INFO  [restartedMain] com.zaxxer.hikari.pool.HikariPool - HikariPool-1 - Added connection com.mysql.cj.jdbc.ConnectionImpl@11dd29b6
2024-10-06 18:29:47 INFO  [restartedMain] com.zaxxer.hikari.HikariDataSource - HikariPool-1 - Start completed.
2024-10-06 18:29:47 INFO  [restartedMain] o.s.b.a.w.s.WelcomePageHandlerMapping - Adding welcome page: class path resource [static/index.html]
2024-10-06 18:29:47 INFO  [restartedMain] o.s.b.d.a.OptionalLiveReloadServer - LiveReload server is running on port 35729
2024-10-06 18:29:47 INFO  [restartedMain] o.a.coyote.http11.Http11NioProtocol - Starting ProtocolHandler ["http-nio-8080"]
2024-10-06 18:29:47 INFO  [restartedMain] o.s.b.w.e.tomcat.TomcatWebServer - Tomcat started on port 8080 (http) with context path ''
2024-10-06 18:29:47 INFO  [restartedMain] c.p.prasis.PrAsisApplication - Started PrAsisApplication in 2.952 seconds (process running for 3.864)
2024-10-06 18:31:04 INFO  [http-nio-8080-exec-1] o.a.c.c.C.[Tomcat].[localhost].[/] - Initializing Spring DispatcherServlet 'dispatcherServlet'
2024-10-06 18:31:04 INFO  [http-nio-8080-exec-1] o.s.web.servlet.DispatcherServlet - Initializing Servlet 'dispatcherServlet'
2024-10-06 18:31:04 INFO  [http-nio-8080-exec-1] o.s.web.servlet.DispatcherServlet - Completed initialization in 1 ms
2024-10-06 18:32:35 INFO  [http-nio-8080-exec-9] c.p.p.s.U.InstructorService - Iniciando búsqueda de instructor con documento: 1111111111
2024-10-06 18:32:35 DEBUG [http-nio-8080-exec-9] c.p.p.s.U.InstructorService - PerfilUsuarioIds encontrados para documento 1111111111: [12]
2024-10-06 18:32:35 INFO  [http-nio-8080-exec-9] c.p.p.s.U.InstructorService - PerfilUsuarioId seleccionado: 12
2024-10-06 18:32:35 INFO  [http-nio-8080-exec-9] c.p.p.s.U.InstructorService - Información básica del instructor obtenida: InstructorModel(ClaseFormacion=Clase no asignada, fichas=[], programasFormacion=[], jornadasFormacion=[], nivelesFormacion=[], sedes=[], areas=[])
2024-10-06 18:32:35 INFO  [http-nio-8080-exec-9] c.p.p.s.U.InstructorService - InstructorId encontrado: 4
2024-10-06 18:32:35 DEBUG [http-nio-8080-exec-9] c.p.p.s.U.InstructorService - Fichas asociadas al instructor 4: [2696521, 2673126]
2024-10-06 18:32:35 DEBUG [http-nio-8080-exec-9] c.p.p.s.U.InstructorService - Programas de formación: [Analisis y desarrollo de software, Electricidad industrial]
2024-10-06 18:32:35 DEBUG [http-nio-8080-exec-9] c.p.p.s.U.InstructorService - Jornadas de formación: [Diurna]
2024-10-06 18:32:35 DEBUG [http-nio-8080-exec-9] c.p.p.s.U.InstructorService - Niveles de formación: [Tecnologo]
2024-10-06 18:32:35 DEBUG [http-nio-8080-exec-9] c.p.p.s.U.InstructorService - Sedes: [Centro de mantenimiento integral]
2024-10-06 18:32:35 DEBUG [http-nio-8080-exec-9] c.p.p.s.U.InstructorService - Áreas: [Sistemas, Industrial]
2024-10-06 18:32:35 INFO  [http-nio-8080-exec-9] c.p.p.s.U.InstructorService - Instructor obtenido exitosamente: InstructorModel(ClaseFormacion=Clase no asignada, fichas=[2696521, 2673126], programasFormacion=[Analisis y desarrollo de software, Electricidad industrial], jornadasFormacion=[Diurna], nivelesFormacion=[Tecnologo], sedes=[Centro de mantenimiento integral], areas=[Sistemas, Industrial])
2024-10-06 18:32:41 INFO  [http-nio-8080-exec-10] c.p.p.s.U.InstructorService - Iniciando búsqueda de instructor con documento: 1111111111
2024-10-06 18:32:41 DEBUG [http-nio-8080-exec-10] c.p.p.s.U.InstructorService - PerfilUsuarioIds encontrados para documento 1111111111: [12]
2024-10-06 18:32:41 INFO  [http-nio-8080-exec-10] c.p.p.s.U.InstructorService - PerfilUsuarioId seleccionado: 12
2024-10-06 18:32:41 INFO  [http-nio-8080-exec-10] c.p.p.s.U.InstructorService - Información básica del instructor obtenida: InstructorModel(ClaseFormacion=Clase no asignada, fichas=[], programasFormacion=[], jornadasFormacion=[], nivelesFormacion=[], sedes=[], areas=[])
2024-10-06 18:32:41 INFO  [http-nio-8080-exec-10] c.p.p.s.U.InstructorService - InstructorId encontrado: 4
2024-10-06 18:32:41 DEBUG [http-nio-8080-exec-10] c.p.p.s.U.InstructorService - Fichas asociadas al instructor 4: [2696521, 2673126]
2024-10-06 18:32:41 DEBUG [http-nio-8080-exec-10] c.p.p.s.U.InstructorService - Programas de formación: [Analisis y desarrollo de software, Electricidad industrial]
2024-10-06 18:32:41 DEBUG [http-nio-8080-exec-10] c.p.p.s.U.InstructorService - Jornadas de formación: [Diurna]
2024-10-06 18:32:41 DEBUG [http-nio-8080-exec-10] c.p.p.s.U.InstructorService - Niveles de formación: [Tecnologo]
2024-10-06 18:32:41 DEBUG [http-nio-8080-exec-10] c.p.p.s.U.InstructorService - Sedes: [Centro de mantenimiento integral]
2024-10-06 18:32:41 DEBUG [http-nio-8080-exec-10] c.p.p.s.U.InstructorService - Áreas: [Sistemas, Industrial]
2024-10-06 18:32:41 INFO  [http-nio-8080-exec-10] c.p.p.s.U.InstructorService - Instructor obtenido exitosamente: InstructorModel(ClaseFormacion=Clase no asignada, fichas=[2696521, 2673126], programasFormacion=[Analisis y desarrollo de software, Electricidad industrial], jornadasFormacion=[Diurna], nivelesFormacion=[Tecnologo], sedes=[Centro de mantenimiento integral], areas=[Sistemas, Industrial])
2024-10-06 18:33:19 INFO  [SpringApplicationShutdownHook] com.zaxxer.hikari.HikariDataSource - HikariPool-1 - Shutdown initiated...
2024-10-06 18:33:19 INFO  [SpringApplicationShutdownHook] com.zaxxer.hikari.HikariDataSource - HikariPool-1 - Shutdown completed.
2024-10-06 18:33:22 INFO  [background-preinit] o.h.validator.internal.util.Version - HV000001: Hibernate Validator 8.0.1.Final
2024-10-06 18:33:22 INFO  [restartedMain] c.p.prasis.PrAsisApplication - Starting PrAsisApplication using Java 21.0.4 with PID 4584 (C:\Users\PC\OneDrive\Documentos\Proyecto-registro-de-asistencia\API\target\classes started by PC in C:\Users\PC\OneDrive\Documentos\Proyecto-registro-de-asistencia\API)
2024-10-06 18:33:22 DEBUG [restartedMain] c.p.prasis.PrAsisApplication - Running with Spring Boot v3.2.5, Spring v6.1.6
2024-10-06 18:33:22 INFO  [restartedMain] c.p.prasis.PrAsisApplication - No active profile set, falling back to 1 default profile: "default"
2024-10-06 18:33:22 INFO  [restartedMain] o.s.b.d.e.DevToolsPropertyDefaultsPostProcessor - Devtools property defaults active! Set 'spring.devtools.add-properties' to 'false' to disable
2024-10-06 18:33:22 INFO  [restartedMain] o.s.b.d.e.DevToolsPropertyDefaultsPostProcessor - For additional web related logging consider setting the 'logging.level.web' property to 'DEBUG'
2024-10-06 18:33:23 INFO  [restartedMain] o.s.d.r.c.RepositoryConfigurationDelegate - Bootstrapping Spring Data JDBC repositories in DEFAULT mode.
2024-10-06 18:33:23 INFO  [restartedMain] o.s.d.r.c.RepositoryConfigurationDelegate - Finished Spring Data repository scanning in 18 ms. Found 0 JDBC repository interfaces.
2024-10-06 18:33:24 INFO  [restartedMain] o.s.b.w.e.tomcat.TomcatWebServer - Tomcat initialized with port 8080 (http)
2024-10-06 18:33:24 INFO  [restartedMain] o.a.coyote.http11.Http11NioProtocol - Initializing ProtocolHandler ["http-nio-8080"]
2024-10-06 18:33:24 INFO  [restartedMain] o.a.catalina.core.StandardService - Starting service [Tomcat]
2024-10-06 18:33:24 INFO  [restartedMain] o.a.catalina.core.StandardEngine - Starting Servlet engine: [Apache Tomcat/10.1.20]
2024-10-06 18:33:24 INFO  [restartedMain] o.a.c.c.C.[Tomcat].[localhost].[/] - Initializing Spring embedded WebApplicationContext
2024-10-06 18:33:24 INFO  [restartedMain] o.s.b.w.s.c.ServletWebServerApplicationContext - Root WebApplicationContext: initialization completed in 1236 ms
2024-10-06 18:33:24 INFO  [restartedMain] com.zaxxer.hikari.HikariDataSource - HikariPool-1 - Starting...
2024-10-06 18:33:24 INFO  [restartedMain] com.zaxxer.hikari.pool.HikariPool - HikariPool-1 - Added connection com.mysql.cj.jdbc.ConnectionImpl@44f2c00c
2024-10-06 18:33:24 INFO  [restartedMain] com.zaxxer.hikari.HikariDataSource - HikariPool-1 - Start completed.
2024-10-06 18:33:24 INFO  [restartedMain] o.s.b.a.w.s.WelcomePageHandlerMapping - Adding welcome page: class path resource [static/index.html]
2024-10-06 18:33:25 INFO  [restartedMain] o.s.b.d.a.OptionalLiveReloadServer - LiveReload server is running on port 35729
2024-10-06 18:33:25 INFO  [restartedMain] o.a.coyote.http11.Http11NioProtocol - Starting ProtocolHandler ["http-nio-8080"]
2024-10-06 18:33:25 INFO  [restartedMain] o.s.b.w.e.tomcat.TomcatWebServer - Tomcat started on port 8080 (http) with context path ''
2024-10-06 18:33:25 INFO  [restartedMain] c.p.prasis.PrAsisApplication - Started PrAsisApplication in 2.877 seconds (process running for 3.893)
2024-10-06 18:33:37 INFO  [http-nio-8080-exec-1] o.a.c.c.C.[Tomcat].[localhost].[/] - Initializing Spring DispatcherServlet 'dispatcherServlet'
2024-10-06 18:33:37 INFO  [http-nio-8080-exec-1] o.s.web.servlet.DispatcherServlet - Initializing Servlet 'dispatcherServlet'
2024-10-06 18:33:37 INFO  [http-nio-8080-exec-1] o.s.web.servlet.DispatcherServlet - Completed initialization in 1 ms
2024-10-06 18:33:37 INFO  [http-nio-8080-exec-1] c.p.p.s.U.InstructorService - Iniciando búsqueda de instructor con documento: 1111111111
2024-10-06 18:33:37 DEBUG [http-nio-8080-exec-1] c.p.p.s.U.InstructorService - PerfilUsuarioIds encontrados para documento 1111111111: [12]
2024-10-06 18:33:37 INFO  [http-nio-8080-exec-1] c.p.p.s.U.InstructorService - PerfilUsuarioId seleccionado: 12
2024-10-06 18:33:37 INFO  [http-nio-8080-exec-1] c.p.p.s.U.InstructorService - Información básica del instructor obtenida: InstructorModel(ClaseFormacion=Clase no asignada, fichas=[], programasFormacion=[], jornadasFormacion=[], nivelesFormacion=[], sedes=[], areas=[])
2024-10-06 18:33:37 INFO  [http-nio-8080-exec-1] c.p.p.s.U.InstructorService - InstructorId encontrado: 4
2024-10-06 18:33:37 DEBUG [http-nio-8080-exec-1] c.p.p.s.U.InstructorService - Fichas asociadas al instructor 4: [2696521, 2673126]
2024-10-06 18:33:37 DEBUG [http-nio-8080-exec-1] c.p.p.s.U.InstructorService - Programas de formación: [Analisis y desarrollo de software, Electricidad industrial]
2024-10-06 18:33:37 DEBUG [http-nio-8080-exec-1] c.p.p.s.U.InstructorService - Jornadas de formación: [Diurna]
2024-10-06 18:33:37 DEBUG [http-nio-8080-exec-1] c.p.p.s.U.InstructorService - Niveles de formación: [Tecnologo]
2024-10-06 18:33:37 DEBUG [http-nio-8080-exec-1] c.p.p.s.U.InstructorService - Sedes: [Centro de mantenimiento integral]
2024-10-06 18:33:37 DEBUG [http-nio-8080-exec-1] c.p.p.s.U.InstructorService - Áreas: [Sistemas, Industrial]
2024-10-06 18:33:37 INFO  [http-nio-8080-exec-1] c.p.p.s.U.InstructorService - Instructor obtenido exitosamente: InstructorModel(ClaseFormacion=Clase no asignada, fichas=[2696521, 2673126], programasFormacion=[Analisis y desarrollo de software, Electricidad industrial], jornadasFormacion=[Diurna], nivelesFormacion=[Tecnologo], sedes=[Centro de mantenimiento integral], areas=[Sistemas, Industrial])
2024-10-06 18:34:04 INFO  [http-nio-8080-exec-5] c.p.p.s.U.InstructorService - Iniciando búsqueda de instructor con documento: 1111111111
2024-10-06 18:34:04 DEBUG [http-nio-8080-exec-5] c.p.p.s.U.InstructorService - PerfilUsuarioIds encontrados para documento 1111111111: [12]
2024-10-06 18:34:04 INFO  [http-nio-8080-exec-5] c.p.p.s.U.InstructorService - PerfilUsuarioId seleccionado: 12
2024-10-06 18:34:04 INFO  [http-nio-8080-exec-5] c.p.p.s.U.InstructorService - Información básica del instructor obtenida: InstructorModel(ClaseFormacion=Clase no asignada, fichas=[], programasFormacion=[], jornadasFormacion=[], nivelesFormacion=[], sedes=[], areas=[])
2024-10-06 18:34:04 INFO  [http-nio-8080-exec-5] c.p.p.s.U.InstructorService - InstructorId encontrado: 4
2024-10-06 18:34:04 DEBUG [http-nio-8080-exec-5] c.p.p.s.U.InstructorService - Fichas asociadas al instructor 4: [2696521, 2673126]
2024-10-06 18:34:04 DEBUG [http-nio-8080-exec-5] c.p.p.s.U.InstructorService - Programas de formación: [Analisis y desarrollo de software, Electricidad industrial]
2024-10-06 18:34:04 DEBUG [http-nio-8080-exec-5] c.p.p.s.U.InstructorService - Jornadas de formación: [Diurna]
2024-10-06 18:34:04 DEBUG [http-nio-8080-exec-5] c.p.p.s.U.InstructorService - Niveles de formación: [Tecnologo]
2024-10-06 18:34:04 DEBUG [http-nio-8080-exec-5] c.p.p.s.U.InstructorService - Sedes: [Centro de mantenimiento integral]
2024-10-06 18:34:04 DEBUG [http-nio-8080-exec-5] c.p.p.s.U.InstructorService - Áreas: [Sistemas, Industrial]
2024-10-06 18:34:04 INFO  [http-nio-8080-exec-5] c.p.p.s.U.InstructorService - Instructor obtenido exitosamente: InstructorModel(ClaseFormacion=Clase no asignada, fichas=[2696521, 2673126], programasFormacion=[Analisis y desarrollo de software, Electricidad industrial], jornadasFormacion=[Diurna], nivelesFormacion=[Tecnologo], sedes=[Centro de mantenimiento integral], areas=[Sistemas, Industrial])
2024-10-06 18:34:18 INFO  [http-nio-8080-exec-8] c.p.p.s.U.InstructorService - Iniciando búsqueda de instructor con documento: 1111111111
2024-10-06 18:34:18 DEBUG [http-nio-8080-exec-8] c.p.p.s.U.InstructorService - PerfilUsuarioIds encontrados para documento 1111111111: [12]
2024-10-06 18:34:18 INFO  [http-nio-8080-exec-8] c.p.p.s.U.InstructorService - PerfilUsuarioId seleccionado: 12
2024-10-06 18:34:18 INFO  [http-nio-8080-exec-8] c.p.p.s.U.InstructorService - Información básica del instructor obtenida: InstructorModel(ClaseFormacion=Algoritmia, fichas=[], programasFormacion=[], jornadasFormacion=[], nivelesFormacion=[], sedes=[], areas=[])
2024-10-06 18:34:18 INFO  [http-nio-8080-exec-8] c.p.p.s.U.InstructorService - InstructorId encontrado: 4
2024-10-06 18:34:18 DEBUG [http-nio-8080-exec-8] c.p.p.s.U.InstructorService - Fichas asociadas al instructor 4: [2696521, 2673126]
2024-10-06 18:34:18 DEBUG [http-nio-8080-exec-8] c.p.p.s.U.InstructorService - Programas de formación: [Analisis y desarrollo de software, Electricidad industrial]
2024-10-06 18:34:18 DEBUG [http-nio-8080-exec-8] c.p.p.s.U.InstructorService - Jornadas de formación: [Diurna]
2024-10-06 18:34:18 DEBUG [http-nio-8080-exec-8] c.p.p.s.U.InstructorService - Niveles de formación: [Tecnologo]
2024-10-06 18:34:18 DEBUG [http-nio-8080-exec-8] c.p.p.s.U.InstructorService - Sedes: [Centro de mantenimiento integral]
2024-10-06 18:34:18 DEBUG [http-nio-8080-exec-8] c.p.p.s.U.InstructorService - Áreas: [Sistemas, Industrial]
2024-10-06 18:34:18 INFO  [http-nio-8080-exec-8] c.p.p.s.U.InstructorService - Instructor obtenido exitosamente: InstructorModel(ClaseFormacion=Algoritmia, fichas=[2696521, 2673126], programasFormacion=[Analisis y desarrollo de software, Electricidad industrial], jornadasFormacion=[Diurna], nivelesFormacion=[Tecnologo], sedes=[Centro de mantenimiento integral], areas=[Sistemas, Industrial])
2024-10-06 18:34:19 INFO  [http-nio-8080-exec-9] c.p.p.s.U.InstructorService - Iniciando búsqueda de instructor con documento: 1111111111
2024-10-06 18:34:19 DEBUG [http-nio-8080-exec-9] c.p.p.s.U.InstructorService - PerfilUsuarioIds encontrados para documento 1111111111: [12]
2024-10-06 18:34:19 INFO  [http-nio-8080-exec-9] c.p.p.s.U.InstructorService - PerfilUsuarioId seleccionado: 12
2024-10-06 18:34:19 INFO  [http-nio-8080-exec-9] c.p.p.s.U.InstructorService - Información básica del instructor obtenida: InstructorModel(ClaseFormacion=Algoritmia, fichas=[], programasFormacion=[], jornadasFormacion=[], nivelesFormacion=[], sedes=[], areas=[])
2024-10-06 18:34:19 INFO  [http-nio-8080-exec-9] c.p.p.s.U.InstructorService - InstructorId encontrado: 4
2024-10-06 18:34:19 DEBUG [http-nio-8080-exec-9] c.p.p.s.U.InstructorService - Fichas asociadas al instructor 4: [2696521, 2673126]
2024-10-06 18:34:19 DEBUG [http-nio-8080-exec-9] c.p.p.s.U.InstructorService - Programas de formación: [Analisis y desarrollo de software, Electricidad industrial]
2024-10-06 18:34:19 DEBUG [http-nio-8080-exec-9] c.p.p.s.U.InstructorService - Jornadas de formación: [Diurna]
2024-10-06 18:34:19 DEBUG [http-nio-8080-exec-9] c.p.p.s.U.InstructorService - Niveles de formación: [Tecnologo]
2024-10-06 18:34:19 DEBUG [http-nio-8080-exec-9] c.p.p.s.U.InstructorService - Sedes: [Centro de mantenimiento integral]
2024-10-06 18:34:19 DEBUG [http-nio-8080-exec-9] c.p.p.s.U.InstructorService - Áreas: [Sistemas, Industrial]
2024-10-06 18:34:19 INFO  [http-nio-8080-exec-9] c.p.p.s.U.InstructorService - Instructor obtenido exitosamente: InstructorModel(ClaseFormacion=Algoritmia, fichas=[2696521, 2673126], programasFormacion=[Analisis y desarrollo de software, Electricidad industrial], jornadasFormacion=[Diurna], nivelesFormacion=[Tecnologo], sedes=[Centro de mantenimiento integral], areas=[Sistemas, Industrial])
2024-10-06 20:41:08 WARN  [HikariPool-1 housekeeper] com.zaxxer.hikari.pool.HikariPool - HikariPool-1 - Thread starvation or clock leap detected (housekeeper delta=2m41s729ms660µs600ns).
2024-10-06 20:50:37 INFO  [SpringApplicationShutdownHook] com.zaxxer.hikari.HikariDataSource - HikariPool-1 - Shutdown initiated...
2024-10-06 20:50:37 INFO  [SpringApplicationShutdownHook] com.zaxxer.hikari.HikariDataSource - HikariPool-1 - Shutdown completed.
2024-10-06 21:11:21 INFO  [background-preinit] o.h.validator.internal.util.Version - HV000001: Hibernate Validator 8.0.1.Final
2024-10-06 21:11:21 INFO  [restartedMain] c.p.prasis.PrAsisApplication - Starting PrAsisApplication using Java 21.0.4 with PID 6156 (C:\Users\PC\OneDrive\Documentos\Proyecto-registro-de-asistencia\API\target\classes started by PC in C:\Users\PC\OneDrive\Documentos\Proyecto-registro-de-asistencia\API)
2024-10-06 21:11:21 DEBUG [restartedMain] c.p.prasis.PrAsisApplication - Running with Spring Boot v3.2.5, Spring v6.1.6
2024-10-06 21:11:21 INFO  [restartedMain] c.p.prasis.PrAsisApplication - No active profile set, falling back to 1 default profile: "default"
2024-10-06 21:11:21 INFO  [restartedMain] o.s.b.d.e.DevToolsPropertyDefaultsPostProcessor - Devtools property defaults active! Set 'spring.devtools.add-properties' to 'false' to disable
2024-10-06 21:11:21 INFO  [restartedMain] o.s.b.d.e.DevToolsPropertyDefaultsPostProcessor - For additional web related logging consider setting the 'logging.level.web' property to 'DEBUG'
2024-10-06 21:11:22 INFO  [restartedMain] o.s.d.r.c.RepositoryConfigurationDelegate - Bootstrapping Spring Data JDBC repositories in DEFAULT mode.
2024-10-06 21:11:22 INFO  [restartedMain] o.s.d.r.c.RepositoryConfigurationDelegate - Finished Spring Data repository scanning in 26 ms. Found 0 JDBC repository interfaces.
2024-10-06 21:11:22 INFO  [restartedMain] o.s.b.w.e.tomcat.TomcatWebServer - Tomcat initialized with port 8080 (http)
2024-10-06 21:11:22 INFO  [restartedMain] o.a.coyote.http11.Http11NioProtocol - Initializing ProtocolHandler ["http-nio-8080"]
2024-10-06 21:11:22 INFO  [restartedMain] o.a.catalina.core.StandardService - Starting service [Tomcat]
2024-10-06 21:11:22 INFO  [restartedMain] o.a.catalina.core.StandardEngine - Starting Servlet engine: [Apache Tomcat/10.1.20]
2024-10-06 21:11:23 INFO  [restartedMain] o.a.c.c.C.[Tomcat].[localhost].[/] - Initializing Spring embedded WebApplicationContext
2024-10-06 21:11:23 INFO  [restartedMain] o.s.b.w.s.c.ServletWebServerApplicationContext - Root WebApplicationContext: initialization completed in 1784 ms
2024-10-06 21:11:23 INFO  [restartedMain] com.zaxxer.hikari.HikariDataSource - HikariPool-1 - Starting...
2024-10-06 21:11:23 INFO  [restartedMain] com.zaxxer.hikari.pool.HikariPool - HikariPool-1 - Added connection com.mysql.cj.jdbc.ConnectionImpl@445c7f7e
2024-10-06 21:11:23 INFO  [restartedMain] com.zaxxer.hikari.HikariDataSource - HikariPool-1 - Start completed.
2024-10-06 21:11:24 INFO  [restartedMain] o.s.b.a.w.s.WelcomePageHandlerMapping - Adding welcome page: class path resource [static/index.html]
2024-10-06 21:11:24 INFO  [restartedMain] o.s.b.d.a.OptionalLiveReloadServer - LiveReload server is running on port 35729
2024-10-06 21:11:24 INFO  [restartedMain] o.a.coyote.http11.Http11NioProtocol - Starting ProtocolHandler ["http-nio-8080"]
2024-10-06 21:11:24 INFO  [restartedMain] o.s.b.w.e.tomcat.TomcatWebServer - Tomcat started on port 8080 (http) with context path ''
2024-10-06 21:11:24 INFO  [restartedMain] c.p.prasis.PrAsisApplication - Started PrAsisApplication in 4.033 seconds (process running for 5.15)
2024-10-06 21:12:20 INFO  [http-nio-8080-exec-1] o.a.c.c.C.[Tomcat].[localhost].[/] - Initializing Spring DispatcherServlet 'dispatcherServlet'
2024-10-06 21:12:20 INFO  [http-nio-8080-exec-1] o.s.web.servlet.DispatcherServlet - Initializing Servlet 'dispatcherServlet'
2024-10-06 21:12:20 INFO  [http-nio-8080-exec-1] o.s.web.servlet.DispatcherServlet - Completed initialization in 0 ms
2024-10-06 21:23:01 INFO  [http-nio-8080-exec-4] c.p.p.s.U.InstructorService - Iniciando búsqueda de instructor con documento: 1111111111
2024-10-06 21:23:01 DEBUG [http-nio-8080-exec-4] c.p.p.s.U.InstructorService - PerfilUsuarioIds encontrados para documento 1111111111: [12]
2024-10-06 21:23:01 INFO  [http-nio-8080-exec-4] c.p.p.s.U.InstructorService - PerfilUsuarioId seleccionado: 12
2024-10-06 21:23:01 INFO  [http-nio-8080-exec-4] c.p.p.s.U.InstructorService - Información básica del instructor obtenida: InstructorModel(ClaseFormacion=Clase no asignada, fichas=[], programasFormacion=[], jornadasFormacion=[], nivelesFormacion=[], sedes=[], areas=[])
2024-10-06 21:23:01 INFO  [http-nio-8080-exec-4] c.p.p.s.U.InstructorService - InstructorId encontrado: 4
2024-10-06 21:23:01 DEBUG [http-nio-8080-exec-4] c.p.p.s.U.InstructorService - Fichas asociadas al instructor 4: [2696521, 2673126]
2024-10-06 21:23:01 DEBUG [http-nio-8080-exec-4] c.p.p.s.U.InstructorService - Programas de formación: [Analisis y desarrollo de software, Electricidad industrial]
2024-10-06 21:23:01 DEBUG [http-nio-8080-exec-4] c.p.p.s.U.InstructorService - Jornadas de formación: [Diurna]
2024-10-06 21:23:01 DEBUG [http-nio-8080-exec-4] c.p.p.s.U.InstructorService - Niveles de formación: [Tecnologo]
2024-10-06 21:23:01 DEBUG [http-nio-8080-exec-4] c.p.p.s.U.InstructorService - Sedes: [Centro de mantenimiento integral]
2024-10-06 21:23:01 DEBUG [http-nio-8080-exec-4] c.p.p.s.U.InstructorService - Áreas: [Sistemas, Industrial]
2024-10-06 21:23:01 INFO  [http-nio-8080-exec-4] c.p.p.s.U.InstructorService - Instructor obtenido exitosamente: InstructorModel(ClaseFormacion=Clase no asignada, fichas=[2696521, 2673126], programasFormacion=[Analisis y desarrollo de software, Electricidad industrial], jornadasFormacion=[Diurna], nivelesFormacion=[Tecnologo], sedes=[Centro de mantenimiento integral], areas=[Sistemas, Industrial])
2024-10-06 21:35:19 INFO  [http-nio-8080-exec-7] c.p.p.s.U.InstructorService - Iniciando búsqueda de instructor con documento: 1111111111
2024-10-06 21:35:19 DEBUG [http-nio-8080-exec-7] c.p.p.s.U.InstructorService - PerfilUsuarioIds encontrados para documento 1111111111: [12]
2024-10-06 21:35:19 INFO  [http-nio-8080-exec-7] c.p.p.s.U.InstructorService - PerfilUsuarioId seleccionado: 12
2024-10-06 21:35:19 INFO  [http-nio-8080-exec-7] c.p.p.s.U.InstructorService - Información básica del instructor obtenida: InstructorModel(ClaseFormacion=Clase no asignada, fichas=[], programasFormacion=[], jornadasFormacion=[], nivelesFormacion=[], sedes=[], areas=[])
2024-10-06 21:35:19 INFO  [http-nio-8080-exec-7] c.p.p.s.U.InstructorService - InstructorId encontrado: 4
2024-10-06 21:35:19 DEBUG [http-nio-8080-exec-7] c.p.p.s.U.InstructorService - Fichas asociadas al instructor 4: [2696521, 2673126]
2024-10-06 21:35:19 DEBUG [http-nio-8080-exec-7] c.p.p.s.U.InstructorService - Programas de formación: [Analisis y desarrollo de software, Electricidad industrial]
2024-10-06 21:35:19 DEBUG [http-nio-8080-exec-7] c.p.p.s.U.InstructorService - Jornadas de formación: [Diurna]
2024-10-06 21:35:19 DEBUG [http-nio-8080-exec-7] c.p.p.s.U.InstructorService - Niveles de formación: [Tecnologo]
2024-10-06 21:35:19 DEBUG [http-nio-8080-exec-7] c.p.p.s.U.InstructorService - Sedes: [Centro de mantenimiento integral]
2024-10-06 21:35:19 DEBUG [http-nio-8080-exec-7] c.p.p.s.U.InstructorService - Áreas: [Sistemas, Industrial]
2024-10-06 21:35:19 INFO  [http-nio-8080-exec-7] c.p.p.s.U.InstructorService - Instructor obtenido exitosamente: InstructorModel(ClaseFormacion=Clase no asignada, fichas=[2696521, 2673126], programasFormacion=[Analisis y desarrollo de software, Electricidad industrial], jornadasFormacion=[Diurna], nivelesFormacion=[Tecnologo], sedes=[Centro de mantenimiento integral], areas=[Sistemas, Industrial])
2024-10-06 21:39:26 INFO  [http-nio-8080-exec-9] c.p.p.s.U.InstructorService - Iniciando búsqueda de instructor con documento: 1111111111
2024-10-06 21:39:26 DEBUG [http-nio-8080-exec-9] c.p.p.s.U.InstructorService - PerfilUsuarioIds encontrados para documento 1111111111: [12]
2024-10-06 21:39:26 INFO  [http-nio-8080-exec-9] c.p.p.s.U.InstructorService - PerfilUsuarioId seleccionado: 12
2024-10-06 21:39:26 INFO  [http-nio-8080-exec-9] c.p.p.s.U.InstructorService - Información básica del instructor obtenida: InstructorModel(ClaseFormacion=Clase no asignada, fichas=[], programasFormacion=[], jornadasFormacion=[], nivelesFormacion=[], sedes=[], areas=[])
2024-10-06 21:39:26 INFO  [http-nio-8080-exec-9] c.p.p.s.U.InstructorService - InstructorId encontrado: 4
2024-10-06 21:39:26 DEBUG [http-nio-8080-exec-9] c.p.p.s.U.InstructorService - Fichas asociadas al instructor 4: [2696521, 2673126]
2024-10-06 21:39:26 DEBUG [http-nio-8080-exec-9] c.p.p.s.U.InstructorService - Programas de formación: [Analisis y desarrollo de software, Electricidad industrial]
2024-10-06 21:39:26 DEBUG [http-nio-8080-exec-9] c.p.p.s.U.InstructorService - Jornadas de formación: [Diurna]
2024-10-06 21:39:26 DEBUG [http-nio-8080-exec-9] c.p.p.s.U.InstructorService - Niveles de formación: [Tecnologo]
2024-10-06 21:39:26 DEBUG [http-nio-8080-exec-9] c.p.p.s.U.InstructorService - Sedes: [Centro de mantenimiento integral]
2024-10-06 21:39:26 DEBUG [http-nio-8080-exec-9] c.p.p.s.U.InstructorService - Áreas: [Sistemas, Industrial]
2024-10-06 21:39:26 INFO  [http-nio-8080-exec-9] c.p.p.s.U.InstructorService - Instructor obtenido exitosamente: InstructorModel(ClaseFormacion=Clase no asignada, fichas=[2696521, 2673126], programasFormacion=[Analisis y desarrollo de software, Electricidad industrial], jornadasFormacion=[Diurna], nivelesFormacion=[Tecnologo], sedes=[Centro de mantenimiento integral], areas=[Sistemas, Industrial])
2024-10-06 21:40:04 INFO  [http-nio-8080-exec-5] c.p.p.s.U.InstructorService - Iniciando búsqueda de instructor con documento: 1111111111
2024-10-06 21:40:04 DEBUG [http-nio-8080-exec-5] c.p.p.s.U.InstructorService - PerfilUsuarioIds encontrados para documento 1111111111: [12]
2024-10-06 21:40:04 INFO  [http-nio-8080-exec-5] c.p.p.s.U.InstructorService - PerfilUsuarioId seleccionado: 12
2024-10-06 21:40:04 INFO  [http-nio-8080-exec-5] c.p.p.s.U.InstructorService - Información básica del instructor obtenida: InstructorModel(ClaseFormacion=Clase no asignada, fichas=[], programasFormacion=[], jornadasFormacion=[], nivelesFormacion=[], sedes=[], areas=[])
2024-10-06 21:40:04 INFO  [http-nio-8080-exec-5] c.p.p.s.U.InstructorService - InstructorId encontrado: 4
2024-10-06 21:40:04 DEBUG [http-nio-8080-exec-5] c.p.p.s.U.InstructorService - Fichas asociadas al instructor 4: [2696521, 2673126]
2024-10-06 21:40:04 DEBUG [http-nio-8080-exec-5] c.p.p.s.U.InstructorService - Programas de formación: [Analisis y desarrollo de software, Electricidad industrial]
2024-10-06 21:40:04 DEBUG [http-nio-8080-exec-5] c.p.p.s.U.InstructorService - Jornadas de formación: [Diurna]
2024-10-06 21:40:04 DEBUG [http-nio-8080-exec-5] c.p.p.s.U.InstructorService - Niveles de formación: [Tecnologo]
2024-10-06 21:40:04 DEBUG [http-nio-8080-exec-5] c.p.p.s.U.InstructorService - Sedes: [Centro de mantenimiento integral]
2024-10-06 21:40:04 DEBUG [http-nio-8080-exec-5] c.p.p.s.U.InstructorService - Áreas: [Sistemas, Industrial]
2024-10-06 21:40:04 INFO  [http-nio-8080-exec-5] c.p.p.s.U.InstructorService - Instructor obtenido exitosamente: InstructorModel(ClaseFormacion=Clase no asignada, fichas=[2696521, 2673126], programasFormacion=[Analisis y desarrollo de software, Electricidad industrial], jornadasFormacion=[Diurna], nivelesFormacion=[Tecnologo], sedes=[Centro de mantenimiento integral], areas=[Sistemas, Industrial])
2024-10-06 21:40:16 INFO  [http-nio-8080-exec-9] c.p.p.s.U.InstructorService - Iniciando búsqueda de instructor con documento: 1111111111
2024-10-06 21:40:16 DEBUG [http-nio-8080-exec-9] c.p.p.s.U.InstructorService - PerfilUsuarioIds encontrados para documento 1111111111: [12]
2024-10-06 21:40:16 INFO  [http-nio-8080-exec-9] c.p.p.s.U.InstructorService - PerfilUsuarioId seleccionado: 12
2024-10-06 21:40:16 INFO  [http-nio-8080-exec-9] c.p.p.s.U.InstructorService - Información básica del instructor obtenida: InstructorModel(ClaseFormacion=Algoritmia, fichas=[], programasFormacion=[], jornadasFormacion=[], nivelesFormacion=[], sedes=[], areas=[])
2024-10-06 21:40:16 INFO  [http-nio-8080-exec-9] c.p.p.s.U.InstructorService - InstructorId encontrado: 4
2024-10-06 21:40:16 DEBUG [http-nio-8080-exec-9] c.p.p.s.U.InstructorService - Fichas asociadas al instructor 4: [2696521, 2673126]
2024-10-06 21:40:16 DEBUG [http-nio-8080-exec-9] c.p.p.s.U.InstructorService - Programas de formación: [Analisis y desarrollo de software, Electricidad industrial]
2024-10-06 21:40:16 DEBUG [http-nio-8080-exec-9] c.p.p.s.U.InstructorService - Jornadas de formación: [Diurna]
2024-10-06 21:40:16 DEBUG [http-nio-8080-exec-9] c.p.p.s.U.InstructorService - Niveles de formación: [Tecnologo]
2024-10-06 21:40:16 DEBUG [http-nio-8080-exec-9] c.p.p.s.U.InstructorService - Sedes: [Centro de mantenimiento integral]
2024-10-06 21:40:16 DEBUG [http-nio-8080-exec-9] c.p.p.s.U.InstructorService - Áreas: [Sistemas, Industrial]
2024-10-06 21:40:16 INFO  [http-nio-8080-exec-9] c.p.p.s.U.InstructorService - Instructor obtenido exitosamente: InstructorModel(ClaseFormacion=Algoritmia, fichas=[2696521, 2673126], programasFormacion=[Analisis y desarrollo de software, Electricidad industrial], jornadasFormacion=[Diurna], nivelesFormacion=[Tecnologo], sedes=[Centro de mantenimiento integral], areas=[Sistemas, Industrial])
2024-10-06 21:40:17 INFO  [http-nio-8080-exec-10] c.p.p.s.U.InstructorService - Iniciando búsqueda de instructor con documento: 1111111111
2024-10-06 21:40:17 DEBUG [http-nio-8080-exec-10] c.p.p.s.U.InstructorService - PerfilUsuarioIds encontrados para documento 1111111111: [12]
2024-10-06 21:40:17 INFO  [http-nio-8080-exec-10] c.p.p.s.U.InstructorService - PerfilUsuarioId seleccionado: 12
2024-10-06 21:40:17 INFO  [http-nio-8080-exec-10] c.p.p.s.U.InstructorService - Información básica del instructor obtenida: InstructorModel(ClaseFormacion=Algoritmia, fichas=[], programasFormacion=[], jornadasFormacion=[], nivelesFormacion=[], sedes=[], areas=[])
2024-10-06 21:40:17 INFO  [http-nio-8080-exec-10] c.p.p.s.U.InstructorService - InstructorId encontrado: 4
2024-10-06 21:40:17 DEBUG [http-nio-8080-exec-10] c.p.p.s.U.InstructorService - Fichas asociadas al instructor 4: [2696521, 2673126]
2024-10-06 21:40:17 DEBUG [http-nio-8080-exec-10] c.p.p.s.U.InstructorService - Programas de formación: [Analisis y desarrollo de software, Electricidad industrial]
2024-10-06 21:40:17 DEBUG [http-nio-8080-exec-10] c.p.p.s.U.InstructorService - Jornadas de formación: [Diurna]
2024-10-06 21:40:17 DEBUG [http-nio-8080-exec-10] c.p.p.s.U.InstructorService - Niveles de formación: [Tecnologo]
2024-10-06 21:40:17 DEBUG [http-nio-8080-exec-10] c.p.p.s.U.InstructorService - Sedes: [Centro de mantenimiento integral]
2024-10-06 21:40:17 DEBUG [http-nio-8080-exec-10] c.p.p.s.U.InstructorService - Áreas: [Sistemas, Industrial]
2024-10-06 21:40:17 INFO  [http-nio-8080-exec-10] c.p.p.s.U.InstructorService - Instructor obtenido exitosamente: InstructorModel(ClaseFormacion=Algoritmia, fichas=[2696521, 2673126], programasFormacion=[Analisis y desarrollo de software, Electricidad industrial], jornadasFormacion=[Diurna], nivelesFormacion=[Tecnologo], sedes=[Centro de mantenimiento integral], areas=[Sistemas, Industrial])
2024-10-06 22:22:32 WARN  [HikariPool-1 housekeeper] com.zaxxer.hikari.pool.HikariPool - HikariPool-1 - Thread starvation or clock leap detected (housekeeper delta=8m37s671ms348µs400ns).
2024-10-06 22:23:34 INFO  [SpringApplicationShutdownHook] com.zaxxer.hikari.HikariDataSource - HikariPool-1 - Shutdown initiated...
2024-10-06 22:23:34 INFO  [SpringApplicationShutdownHook] com.zaxxer.hikari.HikariDataSource - HikariPool-1 - Shutdown completed.
